2021-06-03 12:18:15,009 [Worker-4: Loading available Gradle versions] INFO  o.e.b.c.i.u.g.PublishedGradleVersions - Gradle version information cache is up-to-date. Trying to read.
2021-06-03 12:19:37,044 [Worker-6: Building] INFO  o.e.m.c.i.l.LifecycleMappingFactory - Using org.eclipse.m2e.jdt.JarLifecycleMapping lifecycle mapping for MavenProject: com.evan.show:Show:0.0.1-SNAPSHOT @ C:\Users\boney\OneDrive\Documents\CodingDojo\Java_Stack\javaFun\EvanP-Assignments\03-java-spring\02-spring-data-i\01-update-and-delete\Show update\pom.xml.
2021-06-03 12:19:41,196 [Worker-6: Building] INFO  o.e.m.c.i.embedder.EclipseLogger - Using 'UTF-8' encoding to copy filtered resources.
2021-06-03 12:19:41,197 [Worker-6: Building] INFO  o.e.m.c.i.embedder.EclipseLogger - Using 'UTF-8' encoding to copy filtered properties files.
2021-06-03 12:19:41,303 [Worker-6: Building] INFO  o.e.m.c.i.embedder.EclipseLogger - skip non existing resourceDirectory C:\Users\boney\OneDrive\Documents\CodingDojo\Java_Stack\javaFun\EvanP-Assignments\03-java-spring\02-spring-data-i\01-update-and-delete\Show update\src\test\resources
2021-06-03 12:19:41,599 [Worker-9: Updating Maven Dependencies] INFO  o.e.m.c.i.l.LifecycleMappingFactory - Using org.eclipse.m2e.jdt.JarLifecycleMapping lifecycle mapping for MavenProject: com.evan.show:Show:0.0.1-SNAPSHOT @ C:\Users\boney\OneDrive\Documents\CodingDojo\Java_Stack\javaFun\EvanP-Assignments\03-java-spring\02-spring-data-i\01-update-and-delete\Show update\pom.xml.
2021-06-03 12:19:43,064 [Worker-4: Building] INFO  o.e.m.c.i.embedder.EclipseLogger - Using 'UTF-8' encoding to copy filtered resources.
2021-06-03 12:19:43,064 [Worker-4: Building] INFO  o.e.m.c.i.embedder.EclipseLogger - Using 'UTF-8' encoding to copy filtered properties files.
2021-06-03 12:19:43,068 [Worker-4: Building] INFO  o.e.m.c.i.embedder.EclipseLogger - Copying 1 resource
2021-06-03 12:19:43,075 [Worker-4: Building] INFO  o.e.m.c.i.embedder.EclipseLogger - Copying 0 resource
2021-06-03 12:19:43,077 [Worker-4: Building] INFO  o.e.m.c.i.embedder.EclipseLogger - Using 'UTF-8' encoding to copy filtered resources.
2021-06-03 12:19:43,077 [Worker-4: Building] INFO  o.e.m.c.i.embedder.EclipseLogger - Using 'UTF-8' encoding to copy filtered properties files.
2021-06-03 12:19:43,077 [Worker-4: Building] INFO  o.e.m.c.i.embedder.EclipseLogger - skip non existing resourceDirectory C:\Users\boney\OneDrive\Documents\CodingDojo\Java_Stack\javaFun\EvanP-Assignments\03-java-spring\02-spring-data-i\01-update-and-delete\Show update\src\test\resources
2021-06-03 12:20:06,017 [Worker-8: Building] INFO  o.e.m.c.i.embedder.EclipseLogger - Using 'UTF-8' encoding to copy filtered resources.
2021-06-03 12:20:06,017 [Worker-8: Building] INFO  o.e.m.c.i.embedder.EclipseLogger - Using 'UTF-8' encoding to copy filtered properties files.
2021-06-03 12:20:06,017 [Worker-8: Building] INFO  o.e.m.c.i.embedder.EclipseLogger - Copying 0 resource
2021-06-03 12:20:06,017 [Worker-8: Building] INFO  o.e.m.c.i.embedder.EclipseLogger - Copying 0 resource
2021-06-03 12:20:06,018 [Worker-8: Building] INFO  o.e.m.c.i.embedder.EclipseLogger - Using 'UTF-8' encoding to copy filtered resources.
2021-06-03 12:20:06,019 [Worker-8: Building] INFO  o.e.m.c.i.embedder.EclipseLogger - Using 'UTF-8' encoding to copy filtered properties files.
2021-06-03 12:20:06,019 [Worker-8: Building] INFO  o.e.m.c.i.embedder.EclipseLogger - skip non existing resourceDirectory C:\Users\boney\OneDrive\Documents\CodingDojo\Java_Stack\javaFun\EvanP-Assignments\03-java-spring\02-spring-data-i\01-update-and-delete\Show update\src\test\resources
2021-06-03 12:28:31,411 [Worker-6: Building] INFO  o.e.m.c.i.embedder.EclipseLogger - Using 'UTF-8' encoding to copy filtered resources.
2021-06-03 12:28:31,411 [Worker-6: Building] INFO  o.e.m.c.i.embedder.EclipseLogger - Using 'UTF-8' encoding to copy filtered properties files.
2021-06-03 12:28:31,412 [Worker-6: Building] INFO  o.e.m.c.i.embedder.EclipseLogger - Copying 1 resource
2021-06-03 12:28:31,418 [Worker-6: Building] INFO  o.e.m.c.i.embedder.EclipseLogger - Copying 0 resource
2021-06-03 12:28:31,420 [Worker-6: Building] INFO  o.e.m.c.i.embedder.EclipseLogger - Using 'UTF-8' encoding to copy filtered resources.
2021-06-03 12:28:31,420 [Worker-6: Building] INFO  o.e.m.c.i.embedder.EclipseLogger - Using 'UTF-8' encoding to copy filtered properties files.
2021-06-03 12:28:31,420 [Worker-6: Building] INFO  o.e.m.c.i.embedder.EclipseLogger - skip non existing resourceDirectory C:\Users\boney\OneDrive\Documents\CodingDojo\Java_Stack\javaFun\EvanP-Assignments\03-java-spring\02-spring-data-i\01-update-and-delete\Show update\src\test\resources
2021-06-03 12:52:59,723 [Worker-24: Building] INFO  o.e.m.c.i.embedder.EclipseLogger - Using 'UTF-8' encoding to copy filtered resources.
2021-06-03 12:52:59,723 [Worker-24: Building] INFO  o.e.m.c.i.embedder.EclipseLogger - Using 'UTF-8' encoding to copy filtered properties files.
2021-06-03 12:52:59,724 [Worker-24: Building] INFO  o.e.m.c.i.embedder.EclipseLogger - Copying 1 resource
2021-06-03 12:52:59,729 [Worker-24: Building] INFO  o.e.m.c.i.embedder.EclipseLogger - Copying 0 resource
2021-06-03 12:52:59,731 [Worker-24: Building] INFO  o.e.m.c.i.embedder.EclipseLogger - Using 'UTF-8' encoding to copy filtered resources.
2021-06-03 12:52:59,731 [Worker-24: Building] INFO  o.e.m.c.i.embedder.EclipseLogger - Using 'UTF-8' encoding to copy filtered properties files.
2021-06-03 12:52:59,731 [Worker-24: Building] INFO  o.e.m.c.i.embedder.EclipseLogger - skip non existing resourceDirectory C:\Users\boney\OneDrive\Documents\CodingDojo\Java_Stack\javaFun\EvanP-Assignments\03-java-spring\02-spring-data-i\01-update-and-delete\Show update\src\test\resources
2021-06-03 12:54:56,938 [Worker-26: Building] INFO  o.e.m.c.i.embedder.EclipseLogger - Using 'UTF-8' encoding to copy filtered resources.
2021-06-03 12:54:56,938 [Worker-26: Building] INFO  o.e.m.c.i.embedder.EclipseLogger - Using 'UTF-8' encoding to copy filtered properties files.
2021-06-03 12:54:56,939 [Worker-26: Building] INFO  o.e.m.c.i.embedder.EclipseLogger - Copying 1 resource
2021-06-03 12:54:56,944 [Worker-26: Building] INFO  o.e.m.c.i.embedder.EclipseLogger - Copying 0 resource
2021-06-03 12:54:56,945 [Worker-26: Building] INFO  o.e.m.c.i.embedder.EclipseLogger - Using 'UTF-8' encoding to copy filtered resources.
2021-06-03 12:54:56,946 [Worker-26: Building] INFO  o.e.m.c.i.embedder.EclipseLogger - Using 'UTF-8' encoding to copy filtered properties files.
2021-06-03 12:54:56,946 [Worker-26: Building] INFO  o.e.m.c.i.embedder.EclipseLogger - skip non existing resourceDirectory C:\Users\boney\OneDrive\Documents\CodingDojo\Java_Stack\javaFun\EvanP-Assignments\03-java-spring\02-spring-data-i\01-update-and-delete\Show update\src\test\resources
2021-06-03 12:56:58,489 [Worker-28: Launching Show update - ShowApplication] INFO  o.e.m.c.i.embedder.EclipseLogger - Using 'UTF-8' encoding to copy filtered resources.
2021-06-03 12:56:58,490 [Worker-28: Launching Show update - ShowApplication] INFO  o.e.m.c.i.embedder.EclipseLogger - Using 'UTF-8' encoding to copy filtered properties files.
2021-06-03 12:56:58,490 [Worker-28: Launching Show update - ShowApplication] INFO  o.e.m.c.i.embedder.EclipseLogger - Copying 1 resource
2021-06-03 12:56:58,495 [Worker-28: Launching Show update - ShowApplication] INFO  o.e.m.c.i.embedder.EclipseLogger - Copying 0 resource
2021-06-03 12:56:58,496 [Worker-28: Launching Show update - ShowApplication] INFO  o.e.m.c.i.embedder.EclipseLogger - Using 'UTF-8' encoding to copy filtered resources.
2021-06-03 12:56:58,496 [Worker-28: Launching Show update - ShowApplication] INFO  o.e.m.c.i.embedder.EclipseLogger - Using 'UTF-8' encoding to copy filtered properties files.
2021-06-03 12:56:58,496 [Worker-28: Launching Show update - ShowApplication] INFO  o.e.m.c.i.embedder.EclipseLogger - skip non existing resourceDirectory C:\Users\boney\OneDrive\Documents\CodingDojo\Java_Stack\javaFun\EvanP-Assignments\03-java-spring\02-spring-data-i\01-update-and-delete\Show update\src\test\resources
2021-06-03 12:58:42,769 [Worker-28: Building] INFO  o.e.m.c.i.embedder.EclipseLogger - Using 'UTF-8' encoding to copy filtered resources.
2021-06-03 12:58:42,769 [Worker-28: Building] INFO  o.e.m.c.i.embedder.EclipseLogger - Using 'UTF-8' encoding to copy filtered properties files.
2021-06-03 12:58:42,770 [Worker-28: Building] INFO  o.e.m.c.i.embedder.EclipseLogger - Copying 1 resource
2021-06-03 12:58:42,774 [Worker-28: Building] INFO  o.e.m.c.i.embedder.EclipseLogger - Copying 0 resource
2021-06-03 12:58:42,776 [Worker-28: Building] INFO  o.e.m.c.i.embedder.EclipseLogger - Using 'UTF-8' encoding to copy filtered resources.
2021-06-03 12:58:42,776 [Worker-28: Building] INFO  o.e.m.c.i.embedder.EclipseLogger - Using 'UTF-8' encoding to copy filtered properties files.
2021-06-03 12:58:42,776 [Worker-28: Building] INFO  o.e.m.c.i.embedder.EclipseLogger - skip non existing resourceDirectory C:\Users\boney\OneDrive\Documents\CodingDojo\Java_Stack\javaFun\EvanP-Assignments\03-java-spring\02-spring-data-i\01-update-and-delete\Show update\src\test\resources
2021-06-03 13:04:48,580 [Worker-5: Loading available Gradle versions] INFO  o.e.b.c.i.u.g.PublishedGradleVersions - Gradle version information cache is up-to-date. Trying to read.
2021-06-03 13:05:16,274 [Worker-5: Loading available Gradle versions] INFO  o.e.b.c.i.u.g.PublishedGradleVersions - Gradle version information cache is up-to-date. Trying to read.
